Build started 1/16/2012 2:11:34 PM.
     1>Project "C:\Users\Tzvi\Documents\VS Projects\Call-Log\SQLLITE\sqlite-source\sqlite3.vcxproj" on node 2 (build target(s)).
     1>InitializeBuildStatus:
         Creating "x64\Release\sqlite3.unsuccessfulbuild" because "AlwaysCreate" was specified.
       PreBuildEvent:
         LIB /DEF:sqlite3.def
         :VCEnd
         Microsoft (R) Library Manager Version 10.00.40219.01
         Copyright (C) Microsoft Corporation.  All rights reserved.
         
     1>LINK : warning LNK4068: /MACHINE not specified; defaulting to X86
            Creating library sqlite3.lib and object sqlite3.exp
       ClCompile:
         c:\Program Files (x86)\Microsoft Visual Studio 10.0\VC\bin\x86_amd64\CL.exe /c /I. /Zi /nologo /W3 /WX- /O2 /D WIN32 /D NDEBUG /D _WINDOWS /D _USRDLL /D SQLITE3_EXPORTS /D NO_TCL /D _WINDLL /Gm- /EHsc /MTd /GS /fp:precise /Zc:wchar_t /Zc:forScope /Fo"x64\Release\\" /Fd"x64\Release\vc100.pdb" /Gd /TC /errorReport:prompt shell.c sqlite3.c
         shell.c
         sqlite3.c
     1>sqlite3.c(41672): warning C4244: '=' : conversion from '__int64' to 'int', possible loss of data
         Generating Code...
       ManifestResourceCompile:
         C:\Program Files (x86)\Microsoft SDKs\Windows\v7.0A\bin\rc.exe /nologo /fo"x64\Release\sqlite3.dll.embed.manifest.res" x64\Release\sqlite3_manifest.rc 
       Link:
         c:\Program Files (x86)\Microsoft Visual Studio 10.0\VC\bin\x86_amd64\link.exe /ERRORREPORT:PROMPT /OUT:"C:\Users\Tzvi\Documents\VS Projects\Call-Log\SQLLITE\sqlite-source\x64\Release\sqlite3.dll" /INCREMENTAL /NOLOGO kernel32.lib user32.lib gdi32.lib winspool.lib comdlg32.lib advapi32.lib shell32.lib ole32.lib oleaut32.lib uuid.lib odbc32.lib odbccp32.lib /DEF:"sqlite3.def" /MANIFEST /ManifestFile:"x64\Release\sqlite3.dll.intermediate.manifest" /MANIFESTUAC:"level='asInvoker' uiAccess='false'" /DEBUG /PDB:"C:\Users\Tzvi\Documents\VS Projects\Call-Log\SQLLITE\sqlite-source\x64\Release\sqlite3.pdb" /SUBSYSTEM:WINDOWS /OPT:REF /OPT:ICF /TLBID:1 /DYNAMICBASE /NXCOMPAT /IMPLIB:"C:\Users\Tzvi\Documents\VS Projects\Call-Log\SQLLITE\sqlite-source\x64\Release\sqlite3.lib" /MACHINE:X64 /DLL x64\Release\sqlite3.dll.embed.manifest.res
         x64\Release\shell.obj
         x64\Release\sqlite3.obj
     1>LINK : warning LNK4075: ignoring '/INCREMENTAL' due to '/OPT:ICF' specification
            Creating library C:\Users\Tzvi\Documents\VS Projects\Call-Log\SQLLITE\sqlite-source\x64\Release\sqlite3.lib and object C:\Users\Tzvi\Documents\VS Projects\Call-Log\SQLLITE\sqlite-source\x64\Release\sqlite3.exp
         sqlite3.vcxproj -> C:\Users\Tzvi\Documents\VS Projects\Call-Log\SQLLITE\sqlite-source\x64\Release\sqlite3.dll
       Manifest:
         C:\Program Files (x86)\Microsoft SDKs\Windows\v7.0A\bin\mt.exe /nologo /verbose /out:"x64\Release\sqlite3.dll.embed.manifest" /manifest x64\Release\sqlite3.dll.intermediate.manifest
         C:\Program Files (x86)\Microsoft SDKs\Windows\v7.0A\bin\rc.exe /nologo /fo"x64\Release\sqlite3.dll.embed.manifest.res" x64\Release\sqlite3_manifest.rc 
       LinkEmbedManifest:
         c:\Program Files (x86)\Microsoft Visual Studio 10.0\VC\bin\x86_amd64\link.exe /ERRORREPORT:PROMPT /OUT:"C:\Users\Tzvi\Documents\VS Projects\Call-Log\SQLLITE\sqlite-source\x64\Release\sqlite3.dll" /INCREMENTAL /NOLOGO kernel32.lib user32.lib gdi32.lib winspool.lib comdlg32.lib advapi32.lib shell32.lib ole32.lib oleaut32.lib uuid.lib odbc32.lib odbccp32.lib /DEF:"sqlite3.def" /MANIFEST /ManifestFile:"x64\Release\sqlite3.dll.intermediate.manifest" /MANIFESTUAC:"level='asInvoker' uiAccess='false'" /DEBUG /PDB:"C:\Users\Tzvi\Documents\VS Projects\Call-Log\SQLLITE\sqlite-source\x64\Release\sqlite3.pdb" /SUBSYSTEM:WINDOWS /OPT:REF /OPT:ICF /TLBID:1 /DYNAMICBASE /NXCOMPAT /IMPLIB:"C:\Users\Tzvi\Documents\VS Projects\Call-Log\SQLLITE\sqlite-source\x64\Release\sqlite3.lib" /MACHINE:X64 /DLL x64\Release\sqlite3.dll.embed.manifest.res
         x64\Release\shell.obj
         x64\Release\sqlite3.obj
     1>LINK : warning LNK4075: ignoring '/INCREMENTAL' due to '/OPT:ICF' specification
            Creating library C:\Users\Tzvi\Documents\VS Projects\Call-Log\SQLLITE\sqlite-source\x64\Release\sqlite3.lib and object C:\Users\Tzvi\Documents\VS Projects\Call-Log\SQLLITE\sqlite-source\x64\Release\sqlite3.exp
         sqlite3.vcxproj -> C:\Users\Tzvi\Documents\VS Projects\Call-Log\SQLLITE\sqlite-source\x64\Release\sqlite3.dll
       FinalizeBuildStatus:
         Deleting file "x64\Release\sqlite3.unsuccessfulbuild".
         Touching "x64\Release\sqlite3.lastbuildstate".
     1>Done Building Project "C:\Users\Tzvi\Documents\VS Projects\Call-Log\SQLLITE\sqlite-source\sqlite3.vcxproj" (build target(s)).

Build succeeded.

Time Elapsed 00:00:22.16
