Build started 1/16/2012 2:09:34 PM.
     1>Project "C:\Users\Tzvi\Documents\VS Projects\Call-Log\SQLLITE\sqlite-source\sqlite3.vcxproj" on node 2 (build target(s)).
     1>InitializeBuildStatus:
         Touching "x64\Debug\sqlite3.unsuccessfulbuild".
       PreBuildEvent:
         LIB /DEF:sqlite3.def
         :VCEnd
         Microsoft (R) Library Manager Version 10.00.40219.01
         Copyright (C) Microsoft Corporation.  All rights reserved.
         
     1>LINK : warning LNK4068: /MACHINE not specified; defaulting to X86
            Creating library sqlite3.lib and object sqlite3.exp
       ClCompile:
         All outputs are up-to-date.
       ManifestResourceCompile:
         All outputs are up-to-date.
       Link:
         c:\Program Files (x86)\Microsoft Visual Studio 10.0\VC\bin\x86_amd64\link.exe /ERRORREPORT:PROMPT /OUT:"C:\Users\Tzvi\Documents\VS Projects\Call-Log\SQLLITE\sqlite-source\x64\Debug\sqlite3.dll" /INCREMENTAL /NOLOGO kernel32.lib user32.lib gdi32.lib winspool.lib comdlg32.lib advapi32.lib shell32.lib ole32.lib oleaut32.lib uuid.lib odbc32.lib odbccp32.lib /DEF:"sqlite3.def" /MANIFEST /ManifestFile:"x64\Debug\sqlite3.dll.intermediate.manifest" /MANIFESTUAC:"level='asInvoker' uiAccess='false'" /DEBUG /PDB:"C:\Users\Tzvi\Documents\VS Projects\Call-Log\SQLLITE\sqlite-source\x64\Debug\sqlite3.pdb" /SUBSYSTEM:WINDOWS /TLBID:1 /DYNAMICBASE /NXCOMPAT /IMPLIB:"C:\Users\Tzvi\Documents\VS Projects\Call-Log\SQLLITE\sqlite-source\x64\Debug\sqlite3.lib" /MACHINE:X64 /DLL x64\Debug\sqlite3.dll.embed.manifest.res
         x64\Debug\shell.obj
         x64\Debug\sqlite3.obj
            Creating library C:\Users\Tzvi\Documents\VS Projects\Call-Log\SQLLITE\sqlite-source\x64\Debug\sqlite3.lib and object C:\Users\Tzvi\Documents\VS Projects\Call-Log\SQLLITE\sqlite-source\x64\Debug\sqlite3.exp
         sqlite3.vcxproj -> C:\Users\Tzvi\Documents\VS Projects\Call-Log\SQLLITE\sqlite-source\x64\Debug\sqlite3.dll
       Manifest:
         C:\Program Files (x86)\Microsoft SDKs\Windows\v7.0A\bin\mt.exe /nologo /verbose /out:"x64\Debug\sqlite3.dll.embed.manifest" /manifest x64\Debug\sqlite3.dll.intermediate.manifest
         C:\Program Files (x86)\Microsoft SDKs\Windows\v7.0A\bin\rc.exe /nologo /fo"x64\Debug\sqlite3.dll.embed.manifest.res" x64\Debug\sqlite3_manifest.rc 
       LinkEmbedManifest:
         c:\Program Files (x86)\Microsoft Visual Studio 10.0\VC\bin\x86_amd64\link.exe /ERRORREPORT:PROMPT /OUT:"C:\Users\Tzvi\Documents\VS Projects\Call-Log\SQLLITE\sqlite-source\x64\Debug\sqlite3.dll" /INCREMENTAL /NOLOGO kernel32.lib user32.lib gdi32.lib winspool.lib comdlg32.lib advapi32.lib shell32.lib ole32.lib oleaut32.lib uuid.lib odbc32.lib odbccp32.lib /DEF:"sqlite3.def" /MANIFEST /ManifestFile:"x64\Debug\sqlite3.dll.intermediate.manifest" /MANIFESTUAC:"level='asInvoker' uiAccess='false'" /DEBUG /PDB:"C:\Users\Tzvi\Documents\VS Projects\Call-Log\SQLLITE\sqlite-source\x64\Debug\sqlite3.pdb" /SUBSYSTEM:WINDOWS /TLBID:1 /DYNAMICBASE /NXCOMPAT /IMPLIB:"C:\Users\Tzvi\Documents\VS Projects\Call-Log\SQLLITE\sqlite-source\x64\Debug\sqlite3.lib" /MACHINE:X64 /DLL x64\Debug\sqlite3.dll.embed.manifest.res
         x64\Debug\shell.obj
         x64\Debug\sqlite3.obj
            Creating library C:\Users\Tzvi\Documents\VS Projects\Call-Log\SQLLITE\sqlite-source\x64\Debug\sqlite3.lib and object C:\Users\Tzvi\Documents\VS Projects\Call-Log\SQLLITE\sqlite-source\x64\Debug\sqlite3.exp
         sqlite3.vcxproj -> C:\Users\Tzvi\Documents\VS Projects\Call-Log\SQLLITE\sqlite-source\x64\Debug\sqlite3.dll
       FinalizeBuildStatus:
         Deleting file "x64\Debug\sqlite3.unsuccessfulbuild".
         Touching "x64\Debug\sqlite3.lastbuildstate".
     1>Done Building Project "C:\Users\Tzvi\Documents\VS Projects\Call-Log\SQLLITE\sqlite-source\sqlite3.vcxproj" (build target(s)).

Build succeeded.

Time Elapsed 00:00:08.17
