C:\Users\Tzvi\Documents\VS Projects\Call-Log\SQLLITE\sqlite-source\Release\cl.command.1.tlog
C:\Users\Tzvi\Documents\VS Projects\Call-Log\SQLLITE\sqlite-source\Release\CL.read.1.tlog
C:\Users\Tzvi\Documents\VS Projects\Call-Log\SQLLITE\sqlite-source\Release\CL.write.1.tlog
C:\Users\Tzvi\Documents\VS Projects\Call-Log\SQLLITE\sqlite-source\Release\link.command.1.tlog
C:\Users\Tzvi\Documents\VS Projects\Call-Log\SQLLITE\sqlite-source\Release\link.read.1.tlog
C:\Users\Tzvi\Documents\VS Projects\Call-Log\SQLLITE\sqlite-source\Release\link.write.1.tlog
C:\Users\Tzvi\Documents\VS Projects\Call-Log\SQLLITE\sqlite-source\Release\link-cvtres.read.1.tlog
C:\Users\Tzvi\Documents\VS Projects\Call-Log\SQLLITE\sqlite-source\Release\link-cvtres.write.1.tlog
C:\Users\Tzvi\Documents\VS Projects\Call-Log\SQLLITE\sqlite-source\Release\mt.command.1.tlog
C:\Users\Tzvi\Documents\VS Projects\Call-Log\SQLLITE\sqlite-source\Release\mt.read.1.tlog
C:\Users\Tzvi\Documents\VS Projects\Call-Log\SQLLITE\sqlite-source\Release\mt.write.1.tlog
C:\Users\Tzvi\Documents\VS Projects\Call-Log\SQLLITE\sqlite-source\Release\rc.command.1.tlog
C:\Users\Tzvi\Documents\VS Projects\Call-Log\SQLLITE\sqlite-source\Release\rc.read.1.tlog
C:\Users\Tzvi\Documents\VS Projects\Call-Log\SQLLITE\sqlite-source\Release\rc.write.1.tlog
C:\USERS\TZVI\DOCUMENTS\VS PROJECTS\CALL-LOG\SQLLITE\SQLITE-SOURCE\RELEASE\SHELL.OBJ
C:\USERS\TZVI\DOCUMENTS\VS PROJECTS\CALL-LOG\SQLLITE\SQLITE-SOURCE\RELEASE\SQLITE3.DLL
C:\USERS\TZVI\DOCUMENTS\VS PROJECTS\CALL-LOG\SQLLITE\SQLITE-SOURCE\RELEASE\SQLITE3.DLL.EMBED.MANIFEST
C:\USERS\TZVI\DOCUMENTS\VS PROJECTS\CALL-LOG\SQLLITE\SQLITE-SOURCE\RELEASE\SQLITE3.DLL.EMBED.MANIFEST.RES
C:\USERS\TZVI\DOCUMENTS\VS PROJECTS\CALL-LOG\SQLLITE\SQLITE-SOURCE\RELEASE\SQLITE3.DLL.INTERMEDIATE.MANIFEST
C:\Users\Tzvi\Documents\VS Projects\Call-Log\SQLLITE\sqlite-source\Release\sqlite3.exp
C:\Users\Tzvi\Documents\VS Projects\Call-Log\SQLLITE\sqlite-source\Release\sqlite3.lib
C:\USERS\TZVI\DOCUMENTS\VS PROJECTS\CALL-LOG\SQLLITE\SQLITE-SOURCE\RELEASE\SQLITE3.OBJ
C:\USERS\TZVI\DOCUMENTS\VS PROJECTS\CALL-LOG\SQLLITE\SQLITE-SOURCE\RELEASE\SQLITE3.PDB
C:\Users\Tzvi\Documents\VS Projects\Call-Log\SQLLITE\sqlite-source\Release\sqlite3.write.1.tlog
C:\Users\Tzvi\Documents\VS Projects\Call-Log\SQLLITE\sqlite-source\Release\sqlite3_manifest.rc
C:\USERS\TZVI\DOCUMENTS\VS PROJECTS\CALL-LOG\SQLLITE\SQLITE-SOURCE\RELEASE\VC100.PDB
